INFO:root:Flicker: Starting a Flickr Session 20170428192247 =D
ERROR:root:Flicker: flickrGetPage is 1 :)
ERROR:root:Flicker: flickrGetPhotoInfo to 21649938315 :)
ERROR:root:Flicker: flickrGetPhotoSizes to 21649938315 :)
ERROR:root:Flicker: flickrGetPhotoInfo to 19791850526 :)
ERROR:root:Flicker: flickrGetPhotoSizes to 19791850526 :)
ERROR:root:Flicker: flickrGetPhotoInfo to 19111448720 :)
ERROR:root:Flicker: flickrGetPhotoSizes to 19111448720 :)
ERROR:root:Flicker: flickrGetPhotoInfo to 19111498468 :)
ERROR:root:Flicker: flickrGetPhotoSizes to 19111498468 :)
ERROR:root:Flicker: flickrGetPhotoInfo to 19273006956 :)
ERROR:root:Flicker: flickrGetPhotoSizes to 19273006956 :)
ERROR:root:Flicker: flickrGetPhotoInfo to 14556568528 :)
ERROR:root:Flicker: flickrGetPhotoSizes to 14556568528 :)
ERROR:root:Flicker: flickrGetPhotoInfo to 14556581199 :)
ERROR:root:Flicker: flickrGetPhotoSizes to 14556581199 :)
ERROR:root:Flicker: flickrGetPhotoInfo to 13872035644 :)
ERROR:root:Flicker: flickrGetPhotoSizes to 13872035644 :)
ERROR:root:Flicker: flickrGetPhotoInfo to 10002414886 :)
ERROR:root:Flicker: flickrGetPhotoSizes to 10002414886 :)
ERROR:root:Flicker: flickrGetPhotoInfo to 10002349935 :)
ERROR:root:Flicker: flickrGetPhotoSizes to 10002349935 :)
ERROR:root:Flicker: flickrGetPhotoInfo to 10002412706 :)
ERROR:root:Flicker: flickrGetPhotoSizes to 10002412706 :)
ERROR:root:Flicker: flickrGetPhotoInfo to 10002403116 :)
ERROR:root:Flicker: flickrGetPhotoSizes to 10002403116 :)
ERROR:root:Flicker: flickrGetPhotoInfo to 10002403156 :)
ERROR:root:Flicker: flickrGetPhotoSizes to 10002403156 :)
ERROR:root:Flicker: flickrGetPhotoInfo to 10002324224 :)
ERROR:root:Flicker: flickrGetPhotoSizes to 10002324224 :)
ERROR:root:Flicker: flickrGetPhotoInfo to 10002390886 :)
ERROR:root:Flicker: flickrGetPhotoSizes to 10002390886 :)
ERROR:root:Flicker: flickrGetPhotoInfo to 10002328895 :)
ERROR:root:Flicker: flickrGetPhotoSizes to 10002328895 :)
ERROR:root:Flicker: flickrGetPhotoInfo to 10002450893 :)
ERROR:root:Flicker: flickrGetPhotoSizes to 10002450893 :)
ERROR:root:Flicker: flickrGetPhotoInfo to 10002327705 :)
ERROR:root:Flicker: flickrGetPhotoSizes to 10002327705 :)
ERROR:root:Flicker: flickrGetPhotoInfo to 10002450623 :)
ERROR:root:Flicker: flickrGetPhotoSizes to 10002450623 :)
ERROR:root:Flicker: flickrGetPhotoInfo to 10002389056 :)
ERROR:root:Flicker: flickrGetPhotoSizes to 10002389056 :)
ERROR:root:Flicker: flickrGetPhotoInfo to 10002449203 :)
ERROR:root:Flicker: flickrGetPhotoSizes to 10002449203 :)
ERROR:root:Flicker: flickrGetPhotoInfo to 10002448993 :)
ERROR:root:Flicker: flickrGetPhotoSizes to 10002448993 :)
ERROR:root:Flicker: flickrGetPhotoInfo to 10002437403 :)
ERROR:root:Flicker: flickrGetPhotoSizes to 10002437403 :)
ERROR:root:Flicker: flickrGetPhotoInfo to 10002314295 :)
ERROR:root:Flicker: flickrGetPhotoSizes to 10002314295 :)
ERROR:root:Flicker: flickrGetPhotoInfo to 10002309374 :)
ERROR:root:Flicker: flickrGetPhotoSizes to 10002309374 :)
ERROR:root:Flicker: flickrGetPhotoInfo to 10002313665 :)
ERROR:root:Flicker: flickrGetPhotoSizes to 10002313665 :)
ERROR:root:Flicker: flickrGetPhotoInfo to 10002308644 :)
ERROR:root:Flicker: flickrGetPhotoSizes to 10002308644 :)
ERROR:root:Flicker: flickrGetPhotoInfo to 10002313155 :)
ERROR:root:Flicker: flickrGetPhotoSizes to 10002313155 :)
ERROR:root:Flicker: flickrGetPhotoInfo to 10002374966 :)
ERROR:root:Flicker: flickrGetPhotoSizes to 10002374966 :)
ERROR:root:Flicker: flickrGetPhotoInfo to 10002312435 :)
ERROR:root:Flicker: flickrGetPhotoSizes to 10002312435 :)
ERROR:root:Flicker: flickrGetPhotoInfo to 10002374126 :)
ERROR:root:Flicker: flickrGetPhotoSizes to 10002374126 :)
ERROR:root:Flicker: flickrGetPhotoInfo to 10002434713 :)
ERROR:root:Flicker: flickrGetPhotoSizes to 10002434713 :)
ERROR:root:Flicker: flickrGetPhotoInfo to 10002297634 :)
ERROR:root:Flicker: flickrGetPhotoSizes to 10002297634 :)
ERROR:root:Flicker: flickrGetPhotoInfo to 10002294195 :)
ERROR:root:Flicker: flickrGetPhotoSizes to 10002294195 :)
ERROR:root:Flicker: flickrGetPhotoInfo to 10002399743 :)
ERROR:root:Flicker: flickrGetPhotoSizes to 10002399743 :)
ERROR:root:Flicker: flickrGetPhotoInfo to 9469159416 :)
ERROR:root:Flicker: flickrGetPhotoSizes to 9469159416 :)
ERROR:root:Flicker: flickrGetPhotoInfo to 9469152982 :)
ERROR:root:Flicker: flickrGetPhotoSizes to 9469152982 :)
ERROR:root:Flicker: flickrGetPhotoInfo to 9466363849 :)
ERROR:root:Flicker: flickrGetPhotoSizes to 9466363849 :)
ERROR:root:Flicker: flickrGetPhotoInfo to 9466357661 :)
ERROR:root:Flicker: flickrGetPhotoSizes to 9466357661 :)
ERROR:root:Flicker: flickrGetPhotoInfo to 9469134842 :)
ERROR:root:Flicker: flickrGetPhotoSizes to 9469134842 :)
ERROR:root:Flicker: flickrGetPhotoInfo to 9466334507 :)
ERROR:root:Flicker: flickrGetPhotoSizes to 9466334507 :)
ERROR:root:Flicker: flickrGetPhotoInfo to 9469107168 :)
ERROR:root:Flicker: flickrGetPhotoSizes to 9469107168 :)
ERROR:root:Flicker: flickrGetPhotoInfo to 9046446657 :)
ERROR:root:Flicker: flickrGetPhotoSizes to 9046446657 :)
ERROR:root:Flicker: flickrGetPhotoInfo to 8137402846 :)
ERROR:root:Flicker: flickrGetPhotoSizes to 8137402846 :)
ERROR:root:Flicker: flickrGetPhotoInfo to 8137364168 :)
ERROR:root:Flicker: flickrGetPhotoSizes to 8137364168 :)
ERROR:root:Flicker: flickrGetPhotoInfo to 8137353884 :)
ERROR:root:Flicker: flickrGetPhotoSizes to 8137353884 :)
ERROR:root:Flicker: flickrGetPhotoInfo to 8137323149 :)
ERROR:root:Flicker: flickrGetPhotoSizes to 8137323149 :)
ERROR:root:Flicker: flickrGetPhotoInfo to 8137350970 :)
ERROR:root:Flicker: flickrGetPhotoSizes to 8137350970 :)
ERROR:root:Flicker: flickrGetPhotoInfo to 8137320235 :)
ERROR:root:Flicker: flickrGetPhotoSizes to 8137320235 :)
ERROR:root:Flicker: flickrGetPhotoInfo to 8137348138 :)
ERROR:root:Flicker: flickrGetPhotoSizes to 8137348138 :)
ERROR:root:Flicker: flickrGetPhotoInfo to 8137313601 :)
ERROR:root:Flicker: flickrGetPhotoSizes to 8137313601 :)
ERROR:root:Flicker: flickrGetPhotoInfo to 8137341496 :)
ERROR:root:Flicker: flickrGetPhotoSizes to 8137341496 :)
ERROR:root:Flicker: flickrGetPhotoInfo to 8102270293 :)
ERROR:root:Flicker: flickrGetPhotoSizes to 8102270293 :)
ERROR:root:Flicker: flickrGetPhotoInfo to 7982177720 :)
ERROR:root:Flicker: flickrGetPhotoSizes to 7982177720 :)
ERROR:root:Flicker: flickrGetPhotoInfo to 7656928544 :)
ERROR:root:Flicker: flickrGetPhotoSizes to 7656928544 :)
ERROR:root:Flicker: flickrGetPhotoInfo to 7284275556 :)
ERROR:root:Flicker: flickrGetPhotoSizes to 7284275556 :)
ERROR:root:Flicker: flickrGetPhotoInfo to 7284273826 :)
ERROR:root:Flicker: flickrGetPhotoSizes to 7284273826 :)
ERROR:root:Flicker: flickrGetPhotoInfo to 7284269088 :)
ERROR:root:Flicker: flickrGetPhotoSizes to 7284269088 :)
ERROR:root:Flicker: flickrGetPhotoInfo to 7284266926 :)
ERROR:root:Flicker: flickrGetPhotoSizes to 7284266926 :)
ERROR:root:Flicker: flickrGetPhotoInfo to 7284264054 :)
ERROR:root:Flicker: flickrGetPhotoSizes to 7284264054 :)
ERROR:root:Flicker: flickrGetPhotoInfo to 7284262250 :)
ERROR:root:Flicker: flickrGetPhotoSizes to 7284262250 :)
ERROR:root:Flicker: flickrGetPhotoInfo to 7284260452 :)
ERROR:root:Flicker: flickrGetPhotoSizes to 7284260452 :)
ERROR:root:Flicker: flickrGetPhotoInfo to 7284259172 :)
ERROR:root:Flicker: flickrGetPhotoSizes to 7284259172 :)
ERROR:root:Flicker: flickrGetPhotoInfo to 6662091177 :)
ERROR:root:Flicker: flickrGetPhotoSizes to 6662091177 :)
ERROR:root:Flicker: flickrGetPhotoInfo to 6585683777 :)
ERROR:root:Flicker: flickrGetPhotoSizes to 6585683777 :)
ERROR:root:Flicker: flickrGetPhotoInfo to 6167387774 :)
ERROR:root:Flicker: flickrGetPhotoSizes to 6167387774 :)
ERROR:root:Flicker: flickrGetPhotoInfo to 6167387550 :)
ERROR:root:Flicker: flickrGetPhotoSizes to 6167387550 :)
ERROR:root:Flicker: flickrGetPhotoInfo to 6167387352 :)
ERROR:root:Flicker: flickrGetPhotoSizes to 6167387352 :)
ERROR:root:Flicker: flickrGetPhotoInfo to 6167387208 :)
ERROR:root:Flicker: flickrGetPhotoSizes to 6167387208 :)
ERROR:root:Flicker: flickrGetPhotoInfo to 6126332747 :)
ERROR:root:Flicker: flickrGetPhotoSizes to 6126332747 :)
ERROR:root:Flicker: flickrGetPhotoInfo to 6119621484 :)
ERROR:root:Flicker: flickrGetPhotoSizes to 6119621484 :)
ERROR:root:Flicker: flickrGetPhotoInfo to 6119070797 :)
ERROR:root:Flicker: flickrGetPhotoSizes to 6119070797 :)
ERROR:root:Flicker: flickrGetPhotoInfo to 6107038788 :)
ERROR:root:Flicker: flickrGetPhotoSizes to 6107038788 :)
ERROR:root:Flicker: flickrGetPhotoInfo to 6068112785 :)
ERROR:root:Flicker: flickrGetPhotoSizes to 6068112785 :)
ERROR:root:Flicker: flickrGetPhotoInfo to 6023848515 :)
ERROR:root:Flicker: flickrGetPhotoSizes to 6023848515 :)
ERROR:root:Flicker: flickrGetPhotoInfo to 6023848427 :)
ERROR:root:Flicker: flickrGetPhotoSizes to 6023848427 :)
ERROR:root:Flicker: flickrGetPhotoInfo to 6024402006 :)
ERROR:root:Flicker: flickrGetPhotoSizes to 6024402006 :)
ERROR:root:Flicker: flickrGetPhotoInfo to 5987709576 :)
ERROR:root:Flicker: flickrGetPhotoSizes to 5987709576 :)
ERROR:root:Flicker: flickrGetPhotoInfo to 5803272672 :)
ERROR:root:Flicker: flickrGetPhotoSizes to 5803272672 :)
ERROR:root:Flicker: flickrGetPhotoInfo to 5382078056 :)
ERROR:root:Flicker: flickrGetPhotoSizes to 5382078056 :)
ERROR:root:Flicker: flickrGetPhotoInfo to 5285934587 :)
ERROR:root:Flicker: flickrGetPhotoSizes to 5285934587 :)
ERROR:root:Flicker: flickrGetPhotoInfo to 5147552086 :)
ERROR:root:Flicker: flickrGetPhotoSizes to 5147552086 :)
ERROR:root:Flicker: flickrGetPhotoInfo to 5104064975 :)
ERROR:root:Flicker: flickrGetPhotoSizes to 5104064975 :)
ERROR:root:Flicker: flickrGetPhotoInfo to 4976090063 :)
ERROR:root:Flicker: flickrGetPhotoSizes to 4976090063 :)
ERROR:root:Flicker: flickrGetPhotoInfo to 4478907876 :)
ERROR:root:Flicker: flickrGetPhotoSizes to 4478907876 :)
ERROR:root:Flicker: flickrGetPhotoInfo to 4478281561 :)
ERROR:root:Flicker: flickrGetPhotoSizes to 4478281561 :)
ERROR:root:Flicker: flickrGetPhotoInfo to 4478907216 :)
ERROR:root:Flicker: flickrGetPhotoSizes to 4478907216 :)
ERROR:root:Flicker: flickrGetPhotoInfo to 4425340199 :)
ERROR:root:Flicker: flickrGetPhotoSizes to 4425340199 :)
ERROR:root:Flicker: flickrGetPhotoInfo to 4376907990 :)
ERROR:root:Flicker: flickrGetPhotoSizes to 4376907990 :)
ERROR:root:Flicker: flickrGetPhotoInfo to 4265350369 :)
ERROR:root:Flicker: flickrGetPhotoSizes to 4265350369 :)
ERROR:root:Flicker: flickrGetPhotoInfo to 4159173246 :)
ERROR:root:Flicker: flickrGetPhotoSizes to 4159173246 :)
ERROR:root:Flicker: flickrGetPhotoInfo to 4019386996 :)
ERROR:root:Flicker: flickrGetPhotoSizes to 4019386996 :)
ERROR:root:Flicker: flickrGetPhotoInfo to 3942546513 :)
ERROR:root:Flicker: flickrGetPhotoSizes to 3942546513 :)
ERROR:root:Flicker: flickrGetPhotoInfo to 3942539735 :)
ERROR:root:Flicker: flickrGetPhotoSizes to 3942539735 :)
ERROR:root:Flicker: flickrGetPhotoInfo to 3943307656 :)
ERROR:root:Flicker: flickrGetPhotoSizes to 3943307656 :)
ERROR:root:Flicker: flickrGetPhotoInfo to 3943304676 :)
ERROR:root:Flicker: flickrGetPhotoSizes to 3943304676 :)
ERROR:root:Flicker: flickrGetPhotoInfo to 3943304346 :)
ERROR:root:Flicker: flickrGetPhotoSizes to 3943304346 :)
ERROR:root:Flicker: flickrGetPhotoInfo to 3943303938 :)
ERROR:root:Flicker: flickrGetPhotoSizes to 3943303938 :)
ERROR:root:Flicker: flickrGetPhotoInfo to 3942522297 :)
ERROR:root:Flicker: flickrGetPhotoSizes to 3942522297 :)
ERROR:root:Flicker: flickrGetPhotoInfo to 13391149883 :)
ERROR:root:Flicker: flickrGetPhotoSizes to 13391149883 :)
INFO:root:Crawler: Hard work! I finish dude ;)
INFO:root:Crawler: Ok. Not start this session =]
INFO:root:Flicker: Starting a Flickr Session 20170428195547 =D
ERROR:root:Flicker: Something was wrong :/ I need stop the job!
INFO:root:Crawler: Hard work! I finish dude ;)
INFO:root:Flicker: Starting a Flickr Session 20170428195617 =D
ERROR:root:Flicker: Something was wrong :/ I need stop the job!
INFO:root:Crawler: Hard work! I finish dude ;)
INFO:root:Flicker: Starting a Flickr Session 20170428195710 =D
INFO:root:Flicker: flickrGetPage page 1 :D
INFO:root:Flicker: The image id 21649938315 is new on our repository! ;)
INFO:root:Flicker: flickrGetPhotoInfo to 21649938315 :D
ERROR:root:Flicker: flickrGetPhotoSizes to 21649938315 :D
INFO:root:Flicker: Creating the image 21649938315 with 1024x732
INFO:root:Flicker: The image id 19791850526 is new on our repository! ;)
INFO:root:Flicker: flickrGetPhotoInfo to 19791850526 :D
ERROR:root:Flicker: flickrGetPhotoSizes to 19791850526 :D
INFO:root:Flicker: Creating the image 19791850526 with 3648x2736
INFO:root:Flicker: The image id 19111448720 is new on our repository! ;)
INFO:root:Flicker: flickrGetPhotoInfo to 19111448720 :D
ERROR:root:Flicker: flickrGetPhotoSizes to 19111448720 :D
INFO:root:Flicker: Creating the image 19111448720 with 3456x2304
INFO:root:Flicker: The image id 19111498468 is new on our repository! ;)
INFO:root:Flicker: flickrGetPhotoInfo to 19111498468 :D
ERROR:root:Flicker: flickrGetPhotoSizes to 19111498468 :D
INFO:root:Flicker: Creating the image 19111498468 with 3456x2304
INFO:root:Flicker: The image id 19273006956 is new on our repository! ;)
INFO:root:Flicker: flickrGetPhotoInfo to 19273006956 :D
ERROR:root:Flicker: flickrGetPhotoSizes to 19273006956 :D
INFO:root:Flicker: Creating the image 19273006956 with 3456x2304
INFO:root:Flicker: The image id 14556568528 is new on our repository! ;)
INFO:root:Flicker: flickrGetPhotoInfo to 14556568528 :D
ERROR:root:Flicker: flickrGetPhotoSizes to 14556568528 :D
INFO:root:Flicker: Creating the image 14556568528 with 2880x1920
INFO:root:Flicker: The image id 14556581199 is new on our repository! ;)
INFO:root:Flicker: flickrGetPhotoInfo to 14556581199 :D
ERROR:root:Flicker: flickrGetPhotoSizes to 14556581199 :D
INFO:root:Flicker: Creating the image 14556581199 with 2880x1920
INFO:root:Flicker: The image id 13872035644 is new on our repository! ;)
INFO:root:Flicker: flickrGetPhotoInfo to 13872035644 :D
ERROR:root:Flicker: flickrGetPhotoSizes to 13872035644 :D
INFO:root:Flicker: Creating the image 13872035644 with 0x0
INFO:root:Flicker: The image id 13391149883 is new on our repository! ;)
INFO:root:Flicker: flickrGetPhotoInfo to 13391149883 :D
ERROR:root:Flicker: flickrGetPhotoSizes to 13391149883 :D
INFO:root:Flicker: Creating the image 13391149883 with 2145x2050
INFO:root:Flicker: The image id 10002414886 is new on our repository! ;)
INFO:root:Flicker: flickrGetPhotoInfo to 10002414886 :D
ERROR:root:Flicker: flickrGetPhotoSizes to 10002414886 :D
INFO:root:Flicker: Creating the image 10002414886 with 451x632
INFO:root:Flicker: The image id 10002349935 is new on our repository! ;)
INFO:root:Flicker: flickrGetPhotoInfo to 10002349935 :D
ERROR:root:Flicker: flickrGetPhotoSizes to 10002349935 :D
INFO:root:Flicker: Creating the image 10002349935 with 600x600
INFO:root:Flicker: The image id 10002412706 is new on our repository! ;)
INFO:root:Flicker: flickrGetPhotoInfo to 10002412706 :D
ERROR:root:Flicker: flickrGetPhotoSizes to 10002412706 :D
INFO:root:Flicker: Creating the image 10002412706 with 2367x6784
INFO:root:Flicker: The image id 10002403116 is new on our repository! ;)
INFO:root:Flicker: flickrGetPhotoInfo to 10002403116 :D
ERROR:root:Flicker: flickrGetPhotoSizes to 10002403116 :D
INFO:root:Flicker: Creating the image 10002403116 with 410x498
INFO:root:Flicker: The image id 10002403156 is new on our repository! ;)
INFO:root:Flicker: flickrGetPhotoInfo to 10002403156 :D
ERROR:root:Flicker: flickrGetPhotoSizes to 10002403156 :D
INFO:root:Flicker: Creating the image 10002403156 with 208x160
INFO:root:Flicker: The image id 10002324224 is new on our repository! ;)
INFO:root:Flicker: flickrGetPhotoInfo to 10002324224 :D
ERROR:root:Flicker: flickrGetPhotoSizes to 10002324224 :D
INFO:root:Flicker: Creating the image 10002324224 with 242x188
INFO:root:Flicker: The image id 10002390886 is new on our repository! ;)
INFO:root:Flicker: flickrGetPhotoInfo to 10002390886 :D
ERROR:root:Flicker: flickrGetPhotoSizes to 10002390886 :D
INFO:root:Flicker: Creating the image 10002390886 with 242x188
INFO:root:Flicker: The image id 10002328895 is new on our repository! ;)
INFO:root:Flicker: flickrGetPhotoInfo to 10002328895 :D
ERROR:root:Flicker: flickrGetPhotoSizes to 10002328895 :D
INFO:root:Flicker: Creating the image 10002328895 with 242x188
INFO:root:Flicker: The image id 10002450893 is new on our repository! ;)
INFO:root:Flicker: flickrGetPhotoInfo to 10002450893 :D
ERROR:root:Flicker: flickrGetPhotoSizes to 10002450893 :D
INFO:root:Crawler: Hard work! I finish dude ;)
INFO:root:Flicker: Starting a Flickr Session 20170428195820 =D
INFO:root:Flicker: flickrGetPage page 1 :D
INFO:root:Flicker: The image id 21649938315 is new on our repository! ;)
INFO:root:Flicker: flickrGetPhotoInfo to 21649938315 :D
ERROR:root:Flicker: flickrGetPhotoSizes to 21649938315 :D
INFO:root:Flicker: Creating the image 21649938315 with 1024x732
INFO:root:Flicker: The image id 19791850526 is new on our repository! ;)
INFO:root:Flicker: flickrGetPhotoInfo to 19791850526 :D
ERROR:root:Flicker: flickrGetPhotoSizes to 19791850526 :D
INFO:root:Flicker: Creating the image 19791850526 with 3648x2736
INFO:root:Flicker: The image id 19111448720 is new on our repository! ;)
INFO:root:Flicker: flickrGetPhotoInfo to 19111448720 :D
ERROR:root:Flicker: flickrGetPhotoSizes to 19111448720 :D
INFO:root:Flicker: Creating the image 19111448720 with 3456x2304
INFO:root:Flicker: The image id 19111498468 is new on our repository! ;)
INFO:root:Flicker: flickrGetPhotoInfo to 19111498468 :D
ERROR:root:Flicker: flickrGetPhotoSizes to 19111498468 :D
INFO:root:Flicker: Creating the image 19111498468 with 3456x2304
INFO:root:Flicker: The image id 19273006956 is new on our repository! ;)
INFO:root:Flicker: flickrGetPhotoInfo to 19273006956 :D
ERROR:root:Flicker: flickrGetPhotoSizes to 19273006956 :D
INFO:root:Flicker: Creating the image 19273006956 with 3456x2304
INFO:root:Flicker: The image id 14556568528 is new on our repository! ;)
INFO:root:Flicker: flickrGetPhotoInfo to 14556568528 :D
ERROR:root:Flicker: flickrGetPhotoSizes to 14556568528 :D
INFO:root:Flicker: Creating the image 14556568528 with 2880x1920
INFO:root:Flicker: The image id 14556581199 is new on our repository! ;)
INFO:root:Flicker: flickrGetPhotoInfo to 14556581199 :D
ERROR:root:Flicker: flickrGetPhotoSizes to 14556581199 :D
INFO:root:Flicker: Creating the image 14556581199 with 2880x1920
INFO:root:Flicker: The image id 13872035644 is new on our repository! ;)
INFO:root:Flicker: flickrGetPhotoInfo to 13872035644 :D
ERROR:root:Flicker: flickrGetPhotoSizes to 13872035644 :D
INFO:root:Flicker: Creating the image 13872035644 with 0x0
INFO:root:Flicker: The image id 13391149883 is new on our repository! ;)
INFO:root:Flicker: flickrGetPhotoInfo to 13391149883 :D
ERROR:root:Flicker: flickrGetPhotoSizes to 13391149883 :D
INFO:root:Flicker: Creating the image 13391149883 with 2145x2050
INFO:root:Flicker: The image id 10002414886 is new on our repository! ;)
INFO:root:Flicker: flickrGetPhotoInfo to 10002414886 :D
ERROR:root:Flicker: flickrGetPhotoSizes to 10002414886 :D
INFO:root:Flicker: Creating the image 10002414886 with 451x632
INFO:root:Flicker: The image id 10002349935 is new on our repository! ;)
INFO:root:Flicker: flickrGetPhotoInfo to 10002349935 :D
ERROR:root:Flicker: flickrGetPhotoSizes to 10002349935 :D
INFO:root:Flicker: Creating the image 10002349935 with 600x600
INFO:root:Flicker: The image id 10002412706 is new on our repository! ;)
INFO:root:Flicker: flickrGetPhotoInfo to 10002412706 :D
ERROR:root:Flicker: flickrGetPhotoSizes to 10002412706 :D
INFO:root:Flicker: Creating the image 10002412706 with 2367x6784
INFO:root:Flicker: The image id 10002403116 is new on our repository! ;)
INFO:root:Flicker: flickrGetPhotoInfo to 10002403116 :D
ERROR:root:Flicker: flickrGetPhotoSizes to 10002403116 :D
INFO:root:Flicker: Creating the image 10002403116 with 410x498
INFO:root:Flicker: The image id 10002403156 is new on our repository! ;)
INFO:root:Flicker: flickrGetPhotoInfo to 10002403156 :D
ERROR:root:Flicker: flickrGetPhotoSizes to 10002403156 :D
INFO:root:Flicker: Creating the image 10002403156 with 208x160
INFO:root:Flicker: The image id 10002324224 is new on our repository! ;)
INFO:root:Flicker: flickrGetPhotoInfo to 10002324224 :D
ERROR:root:Flicker: flickrGetPhotoSizes to 10002324224 :D
INFO:root:Flicker: Creating the image 10002324224 with 242x188
INFO:root:Flicker: The image id 10002390886 is new on our repository! ;)
INFO:root:Flicker: flickrGetPhotoInfo to 10002390886 :D
ERROR:root:Flicker: flickrGetPhotoSizes to 10002390886 :D
INFO:root:Flicker: Creating the image 10002390886 with 242x188
INFO:root:Flicker: The image id 10002328895 is new on our repository! ;)
INFO:root:Flicker: flickrGetPhotoInfo to 10002328895 :D
ERROR:root:Flicker: flickrGetPhotoSizes to 10002328895 :D
INFO:root:Flicker: Creating the image 10002328895 with 242x188
INFO:root:Flicker: The image id 10002450893 is new on our repository! ;)
INFO:root:Flicker: flickrGetPhotoInfo to 10002450893 :D
ERROR:root:Flicker: flickrGetPhotoSizes to 10002450893 :D
INFO:root:Flicker: Creating the image 10002450893 with 243x188
INFO:root:Flicker: The image id 10002327705 is new on our repository! ;)
INFO:root:Flicker: flickrGetPhotoInfo to 10002327705 :D
ERROR:root:Flicker: flickrGetPhotoSizes to 10002327705 :D
INFO:root:Flicker: Creating the image 10002327705 with 896x619
INFO:root:Flicker: The image id 10002450623 is new on our repository! ;)
INFO:root:Flicker: flickrGetPhotoInfo to 10002450623 :D
ERROR:root:Flicker: flickrGetPhotoSizes to 10002450623 :D
INFO:root:Flicker: Creating the image 10002450623 with 242x188
INFO:root:Flicker: The image id 10002389056 is new on our repository! ;)
INFO:root:Flicker: flickrGetPhotoInfo to 10002389056 :D
ERROR:root:Flicker: flickrGetPhotoSizes to 10002389056 :D
INFO:root:Flicker: Creating the image 10002389056 with 556x200
INFO:root:Flicker: The image id 10002449203 is new on our repository! ;)
INFO:root:Flicker: flickrGetPhotoInfo to 10002449203 :D
ERROR:root:Flicker: flickrGetPhotoSizes to 10002449203 :D
INFO:root:Flicker: Creating the image 10002449203 with 198x155
INFO:root:Flicker: The image id 10002448993 is new on our repository! ;)
INFO:root:Flicker: flickrGetPhotoInfo to 10002448993 :D
ERROR:root:Flicker: flickrGetPhotoSizes to 10002448993 :D
INFO:root:Flicker: Creating the image 10002448993 with 198x155
INFO:root:Flicker: The image id 10002437403 is new on our repository! ;)
INFO:root:Flicker: flickrGetPhotoInfo to 10002437403 :D
ERROR:root:Flicker: flickrGetPhotoSizes to 10002437403 :D
INFO:root:Flicker: Creating the image 10002437403 with 242x188
INFO:root:Flicker: The image id 10002314295 is new on our repository! ;)
INFO:root:Flicker: flickrGetPhotoInfo to 10002314295 :D
ERROR:root:Flicker: flickrGetPhotoSizes to 10002314295 :D
INFO:root:Flicker: Creating the image 10002314295 with 242x188
INFO:root:Flicker: The image id 10002309374 is new on our repository! ;)
INFO:root:Flicker: flickrGetPhotoInfo to 10002309374 :D
ERROR:root:Flicker: flickrGetPhotoSizes to 10002309374 :D
INFO:root:Flicker: Creating the image 10002309374 with 242x188
INFO:root:Flicker: The image id 10002313665 is new on our repository! ;)
INFO:root:Flicker: flickrGetPhotoInfo to 10002313665 :D
ERROR:root:Flicker: flickrGetPhotoSizes to 10002313665 :D
INFO:root:Flicker: Creating the image 10002313665 with 242x188
INFO:root:Flicker: The image id 10002308644 is new on our repository! ;)
INFO:root:Flicker: flickrGetPhotoInfo to 10002308644 :D
ERROR:root:Flicker: flickrGetPhotoSizes to 10002308644 :D
INFO:root:Flicker: Creating the image 10002308644 with 243x188
INFO:root:Flicker: The image id 10002313155 is new on our repository! ;)
INFO:root:Flicker: flickrGetPhotoInfo to 10002313155 :D
ERROR:root:Flicker: flickrGetPhotoSizes to 10002313155 :D
INFO:root:Flicker: Creating the image 10002313155 with 242x188
INFO:root:Flicker: The image id 10002374966 is new on our repository! ;)
INFO:root:Flicker: flickrGetPhotoInfo to 10002374966 :D
ERROR:root:Flicker: flickrGetPhotoSizes to 10002374966 :D
INFO:root:Flicker: Creating the image 10002374966 with 242x188
INFO:root:Flicker: The image id 10002312435 is new on our repository! ;)
INFO:root:Flicker: flickrGetPhotoInfo to 10002312435 :D
ERROR:root:Flicker: flickrGetPhotoSizes to 10002312435 :D
INFO:root:Flicker: Creating the image 10002312435 with 242x188
INFO:root:Flicker: The image id 10002374126 is new on our repository! ;)
INFO:root:Flicker: flickrGetPhotoInfo to 10002374126 :D
ERROR:root:Flicker: flickrGetPhotoSizes to 10002374126 :D
INFO:root:Flicker: Creating the image 10002374126 with 242x188
INFO:root:Flicker: The image id 10002434713 is new on our repository! ;)
INFO:root:Flicker: flickrGetPhotoInfo to 10002434713 :D
ERROR:root:Flicker: flickrGetPhotoSizes to 10002434713 :D
INFO:root:Flicker: Creating the image 10002434713 with 248x194
INFO:root:Flicker: The image id 10002297634 is new on our repository! ;)
INFO:root:Flicker: flickrGetPhotoInfo to 10002297634 :D
ERROR:root:Flicker: flickrGetPhotoSizes to 10002297634 :D
INFO:root:Flicker: Creating the image 10002297634 with 451x632
INFO:root:Flicker: The image id 10002294195 is new on our repository! ;)
INFO:root:Flicker: flickrGetPhotoInfo to 10002294195 :D
ERROR:root:Flicker: flickrGetPhotoSizes to 10002294195 :D
INFO:root:Flicker: Creating the image 10002294195 with 410x498
INFO:root:Flicker: The image id 10002399743 is new on our repository! ;)
INFO:root:Flicker: flickrGetPhotoInfo to 10002399743 :D
ERROR:root:Flicker: flickrGetPhotoSizes to 10002399743 :D
INFO:root:Flicker: Creating the image 10002399743 with 1950x1179
INFO:root:Flicker: The image id 9469159416 is new on our repository! ;)
INFO:root:Flicker: flickrGetPhotoInfo to 9469159416 :D
ERROR:root:Flicker: flickrGetPhotoSizes to 9469159416 :D
INFO:root:Flicker: Creating the image 9469159416 with 5616x3744
INFO:root:Flicker: The image id 9469152982 is new on our repository! ;)
INFO:root:Flicker: flickrGetPhotoInfo to 9469152982 :D
ERROR:root:Flicker: flickrGetPhotoSizes to 9469152982 :D
INFO:root:Flicker: Creating the image 9469152982 with 5616x3744
INFO:root:Flicker: The image id 9466363849 is new on our repository! ;)
INFO:root:Flicker: flickrGetPhotoInfo to 9466363849 :D
ERROR:root:Flicker: flickrGetPhotoSizes to 9466363849 :D
INFO:root:Flicker: Creating the image 9466363849 with 5616x3744
INFO:root:Flicker: The image id 9466357661 is new on our repository! ;)
INFO:root:Flicker: flickrGetPhotoInfo to 9466357661 :D
ERROR:root:Flicker: flickrGetPhotoSizes to 9466357661 :D
INFO:root:Flicker: Creating the image 9466357661 with 5616x3744
INFO:root:Flicker: The image id 9469134842 is new on our repository! ;)
INFO:root:Flicker: flickrGetPhotoInfo to 9469134842 :D
ERROR:root:Flicker: flickrGetPhotoSizes to 9469134842 :D
INFO:root:Flicker: Creating the image 9469134842 with 5616x3744
INFO:root:Flicker: The image id 9466334507 is new on our repository! ;)
INFO:root:Flicker: flickrGetPhotoInfo to 9466334507 :D
ERROR:root:Flicker: flickrGetPhotoSizes to 9466334507 :D
INFO:root:Flicker: Creating the image 9466334507 with 3242x2498
INFO:root:Flicker: The image id 9469107168 is new on our repository! ;)
INFO:root:Flicker: flickrGetPhotoInfo to 9469107168 :D
ERROR:root:Flicker: flickrGetPhotoSizes to 9469107168 :D
INFO:root:Flicker: Creating the image 9469107168 with 5616x3744
INFO:root:Flicker: The image id 9046446657 is new on our repository! ;)
INFO:root:Flicker: flickrGetPhotoInfo to 9046446657 :D
ERROR:root:Flicker: flickrGetPhotoSizes to 9046446657 :D
INFO:root:Flicker: Creating the image 9046446657 with 5184x3456
INFO:root:Flicker: The image id 8137402846 is new on our repository! ;)
INFO:root:Flicker: flickrGetPhotoInfo to 8137402846 :D
ERROR:root:Flicker: flickrGetPhotoSizes to 8137402846 :D
INFO:root:Flicker: Creating the image 8137402846 with 4288x2848
INFO:root:Flicker: The image id 8137364168 is new on our repository! ;)
INFO:root:Flicker: flickrGetPhotoInfo to 8137364168 :D
ERROR:root:Flicker: flickrGetPhotoSizes to 8137364168 :D
INFO:root:Flicker: Creating the image 8137364168 with 4288x2848
INFO:root:Flicker: The image id 8137353884 is new on our repository! ;)
INFO:root:Flicker: flickrGetPhotoInfo to 8137353884 :D
ERROR:root:Flicker: flickrGetPhotoSizes to 8137353884 :D
INFO:root:Flicker: Creating the image 8137353884 with 4288x2848
INFO:root:Flicker: The image id 8137323149 is new on our repository! ;)
INFO:root:Flicker: flickrGetPhotoInfo to 8137323149 :D
ERROR:root:Flicker: flickrGetPhotoSizes to 8137323149 :D
INFO:root:Flicker: Creating the image 8137323149 with 4288x2848
INFO:root:Flicker: The image id 8137350970 is new on our repository! ;)
INFO:root:Flicker: flickrGetPhotoInfo to 8137350970 :D
ERROR:root:Flicker: flickrGetPhotoSizes to 8137350970 :D
INFO:root:Flicker: Creating the image 8137350970 with 4288x2848
INFO:root:Flicker: The image id 8137320235 is new on our repository! ;)
INFO:root:Flicker: flickrGetPhotoInfo to 8137320235 :D
ERROR:root:Flicker: flickrGetPhotoSizes to 8137320235 :D
INFO:root:Flicker: Creating the image 8137320235 with 4288x2848
INFO:root:Flicker: The image id 8137348138 is new on our repository! ;)
INFO:root:Flicker: flickrGetPhotoInfo to 8137348138 :D
ERROR:root:Flicker: flickrGetPhotoSizes to 8137348138 :D
INFO:root:Flicker: Creating the image 8137348138 with 4288x2848
INFO:root:Flicker: The image id 8137313601 is new on our repository! ;)
INFO:root:Flicker: flickrGetPhotoInfo to 8137313601 :D
ERROR:root:Flicker: flickrGetPhotoSizes to 8137313601 :D
INFO:root:Crawler: Hard work! I finish dude ;)
INFO:root:Flicker: Starting a Flickr Session 20170428200122 =D
INFO:root:Flicker: flickrGetPage page 1 :D
INFO:root:Flicker: The image id 21649938315 is new on our repository! ;)
INFO:root:Flicker: flickrGetPhotoInfo to 21649938315 :D
ERROR:root:Flicker: flickrGetPhotoSizes to 21649938315 :D
INFO:root:Flicker: Creating the image 21649938315 with 1024x732
INFO:root:Flicker: The image id 19791850526 is new on our repository! ;)
INFO:root:Flicker: flickrGetPhotoInfo to 19791850526 :D
ERROR:root:Flicker: flickrGetPhotoSizes to 19791850526 :D
INFO:root:Flicker: Creating the image 19791850526 with 3648x2736
INFO:root:Flicker: The image id 19111448720 is new on our repository! ;)
INFO:root:Flicker: flickrGetPhotoInfo to 19111448720 :D
ERROR:root:Flicker: flickrGetPhotoSizes to 19111448720 :D
INFO:root:Flicker: Creating the image 19111448720 with 3456x2304
INFO:root:Flicker: The image id 19111498468 is new on our repository! ;)
INFO:root:Flicker: flickrGetPhotoInfo to 19111498468 :D
ERROR:root:Flicker: flickrGetPhotoSizes to 19111498468 :D
INFO:root:Flicker: Creating the image 19111498468 with 3456x2304
INFO:root:Flicker: The image id 19273006956 is new on our repository! ;)
INFO:root:Flicker: flickrGetPhotoInfo to 19273006956 :D
ERROR:root:Flicker: flickrGetPhotoSizes to 19273006956 :D
INFO:root:Flicker: Creating the image 19273006956 with 3456x2304
INFO:root:Flicker: The image id 14556568528 is new on our repository! ;)
INFO:root:Flicker: flickrGetPhotoInfo to 14556568528 :D
ERROR:root:Flicker: flickrGetPhotoSizes to 14556568528 :D
INFO:root:Flicker: Creating the image 14556568528 with 2880x1920
INFO:root:Flicker: The image id 14556581199 is new on our repository! ;)
INFO:root:Flicker: flickrGetPhotoInfo to 14556581199 :D
ERROR:root:Flicker: flickrGetPhotoSizes to 14556581199 :D
INFO:root:Flicker: Creating the image 14556581199 with 2880x1920
INFO:root:Flicker: The image id 13872035644 is new on our repository! ;)
INFO:root:Flicker: flickrGetPhotoInfo to 13872035644 :D
ERROR:root:Flicker: flickrGetPhotoSizes to 13872035644 :D
INFO:root:Flicker: Creating the image 13872035644 with 0x0
INFO:root:Flicker: The image id 13391149883 is new on our repository! ;)
INFO:root:Flicker: flickrGetPhotoInfo to 13391149883 :D
ERROR:root:Flicker: flickrGetPhotoSizes to 13391149883 :D
INFO:root:Flicker: Creating the image 13391149883 with 2145x2050
INFO:root:Flicker: The image id 10002414886 is new on our repository! ;)
INFO:root:Flicker: flickrGetPhotoInfo to 10002414886 :D
ERROR:root:Flicker: flickrGetPhotoSizes to 10002414886 :D
INFO:root:Flicker: Creating the image 10002414886 with 451x632
INFO:root:Flicker: The image id 10002349935 is new on our repository! ;)
INFO:root:Flicker: flickrGetPhotoInfo to 10002349935 :D
ERROR:root:Flicker: flickrGetPhotoSizes to 10002349935 :D
INFO:root:Crawler: Hard work! I finish dude ;)
INFO:root:Flicker: Starting a Flickr Session 20170428200535 =D
INFO:root:Flicker: flickrGetPage page 1 :D
INFO:root:1 from 204 photos
INFO:root:Flicker: The image id 21649938315 is new on our repository! ;)
INFO:root:Flicker: flickrGetPhotoInfo to 21649938315 :D
ERROR:root:Flicker: flickrGetPhotoSizes to 21649938315 :D
INFO:root:Flicker: Creating the image 21649938315 with 1024x732
INFO:root:2 from 204 photos
INFO:root:Flicker: The image id 19791850526 is new on our repository! ;)
INFO:root:Flicker: flickrGetPhotoInfo to 19791850526 :D
ERROR:root:Flicker: flickrGetPhotoSizes to 19791850526 :D
INFO:root:Flicker: Creating the image 19791850526 with 3648x2736
INFO:root:3 from 204 photos
INFO:root:Flicker: The image id 19111448720 is new on our repository! ;)
INFO:root:Flicker: flickrGetPhotoInfo to 19111448720 :D
ERROR:root:Flicker: flickrGetPhotoSizes to 19111448720 :D
INFO:root:Flicker: Creating the image 19111448720 with 3456x2304
INFO:root:4 from 204 photos
INFO:root:Flicker: The image id 19111498468 is new on our repository! ;)
INFO:root:Flicker: flickrGetPhotoInfo to 19111498468 :D
ERROR:root:Flicker: flickrGetPhotoSizes to 19111498468 :D
INFO:root:Flicker: Creating the image 19111498468 with 3456x2304
INFO:root:5 from 204 photos
INFO:root:Flicker: The image id 19273006956 is new on our repository! ;)
INFO:root:Flicker: flickrGetPhotoInfo to 19273006956 :D
ERROR:root:Flicker: flickrGetPhotoSizes to 19273006956 :D
INFO:root:Flicker: Creating the image 19273006956 with 3456x2304
INFO:root:6 from 204 photos
INFO:root:Flicker: The image id 14556568528 is new on our repository! ;)
INFO:root:Flicker: flickrGetPhotoInfo to 14556568528 :D
ERROR:root:Flicker: flickrGetPhotoSizes to 14556568528 :D
INFO:root:Flicker: Creating the image 14556568528 with 2880x1920
INFO:root:7 from 204 photos
INFO:root:Flicker: The image id 14556581199 is new on our repository! ;)
INFO:root:Flicker: flickrGetPhotoInfo to 14556581199 :D
ERROR:root:Flicker: flickrGetPhotoSizes to 14556581199 :D
INFO:root:Flicker: Creating the image 14556581199 with 2880x1920
INFO:root:8 from 204 photos
INFO:root:Flicker: The image id 13872035644 is new on our repository! ;)
INFO:root:Flicker: flickrGetPhotoInfo to 13872035644 :D
ERROR:root:Flicker: flickrGetPhotoSizes to 13872035644 :D
INFO:root:Flicker: Creating the image 13872035644 with 0x0
INFO:root:9 from 204 photos
INFO:root:Flicker: The image id 13391149883 is new on our repository! ;)
INFO:root:Flicker: flickrGetPhotoInfo to 13391149883 :D
ERROR:root:Flicker: flickrGetPhotoSizes to 13391149883 :D
INFO:root:Flicker: Creating the image 13391149883 with 2145x2050
INFO:root:10 from 204 photos
INFO:root:Flicker: The image id 10002414886 is new on our repository! ;)
INFO:root:Flicker: flickrGetPhotoInfo to 10002414886 :D
ERROR:root:Flicker: flickrGetPhotoSizes to 10002414886 :D
INFO:root:Flicker: Creating the image 10002414886 with 451x632
INFO:root:11 from 204 photos
INFO:root:Flicker: The image id 10002349935 is new on our repository! ;)
INFO:root:Flicker: flickrGetPhotoInfo to 10002349935 :D
ERROR:root:Flicker: flickrGetPhotoSizes to 10002349935 :D
INFO:root:Flicker: Creating the image 10002349935 with 600x600
INFO:root:12 from 204 photos
INFO:root:Flicker: The image id 10002412706 is new on our repository! ;)
INFO:root:Flicker: flickrGetPhotoInfo to 10002412706 :D
ERROR:root:Flicker: flickrGetPhotoSizes to 10002412706 :D
INFO:root:Flicker: Creating the image 10002412706 with 2367x6784
INFO:root:13 from 204 photos
INFO:root:Flicker: The image id 10002403116 is new on our repository! ;)
INFO:root:Flicker: flickrGetPhotoInfo to 10002403116 :D
ERROR:root:Flicker: flickrGetPhotoSizes to 10002403116 :D
INFO:root:Flicker: Creating the image 10002403116 with 410x498
INFO:root:14 from 204 photos
INFO:root:Flicker: The image id 10002403156 is new on our repository! ;)
INFO:root:Flicker: flickrGetPhotoInfo to 10002403156 :D
ERROR:root:Flicker: flickrGetPhotoSizes to 10002403156 :D
INFO:root:Flicker: Creating the image 10002403156 with 208x160
INFO:root:15 from 204 photos
INFO:root:Flicker: The image id 10002324224 is new on our repository! ;)
INFO:root:Flicker: flickrGetPhotoInfo to 10002324224 :D
ERROR:root:Flicker: flickrGetPhotoSizes to 10002324224 :D
INFO:root:Flicker: Creating the image 10002324224 with 242x188
INFO:root:16 from 204 photos
INFO:root:Flicker: The image id 10002390886 is new on our repository! ;)
INFO:root:Flicker: flickrGetPhotoInfo to 10002390886 :D
ERROR:root:Flicker: flickrGetPhotoSizes to 10002390886 :D
INFO:root:Flicker: Creating the image 10002390886 with 242x188
INFO:root:17 from 204 photos
INFO:root:Flicker: The image id 10002328895 is new on our repository! ;)
INFO:root:Flicker: flickrGetPhotoInfo to 10002328895 :D
ERROR:root:Flicker: flickrGetPhotoSizes to 10002328895 :D
INFO:root:Flicker: Creating the image 10002328895 with 242x188
INFO:root:18 from 204 photos
INFO:root:Flicker: The image id 10002450893 is new on our repository! ;)
INFO:root:Flicker: flickrGetPhotoInfo to 10002450893 :D
ERROR:root:Flicker: flickrGetPhotoSizes to 10002450893 :D
INFO:root:Flicker: Creating the image 10002450893 with 243x188
INFO:root:19 from 204 photos
INFO:root:Flicker: The image id 10002327705 is new on our repository! ;)
INFO:root:Flicker: flickrGetPhotoInfo to 10002327705 :D
ERROR:root:Flicker: flickrGetPhotoSizes to 10002327705 :D
INFO:root:Flicker: Creating the image 10002327705 with 896x619
INFO:root:20 from 204 photos
INFO:root:Flicker: The image id 10002450623 is new on our repository! ;)
INFO:root:Flicker: flickrGetPhotoInfo to 10002450623 :D
ERROR:root:Flicker: flickrGetPhotoSizes to 10002450623 :D
INFO:root:Flicker: Creating the image 10002450623 with 242x188
INFO:root:21 from 204 photos
INFO:root:Flicker: The image id 10002389056 is new on our repository! ;)
INFO:root:Flicker: flickrGetPhotoInfo to 10002389056 :D
ERROR:root:Flicker: flickrGetPhotoSizes to 10002389056 :D
INFO:root:Flicker: Creating the image 10002389056 with 556x200
INFO:root:22 from 204 photos
INFO:root:Flicker: The image id 10002449203 is new on our repository! ;)
INFO:root:Flicker: flickrGetPhotoInfo to 10002449203 :D
ERROR:root:Flicker: flickrGetPhotoSizes to 10002449203 :D
INFO:root:Flicker: Creating the image 10002449203 with 198x155
INFO:root:23 from 204 photos
INFO:root:Flicker: The image id 10002448993 is new on our repository! ;)
INFO:root:Flicker: flickrGetPhotoInfo to 10002448993 :D
ERROR:root:Flicker: flickrGetPhotoSizes to 10002448993 :D
INFO:root:Flicker: Creating the image 10002448993 with 198x155
INFO:root:24 from 204 photos
INFO:root:Flicker: The image id 10002437403 is new on our repository! ;)
INFO:root:Flicker: flickrGetPhotoInfo to 10002437403 :D
ERROR:root:Flicker: flickrGetPhotoSizes to 10002437403 :D
INFO:root:Flicker: Creating the image 10002437403 with 242x188
INFO:root:25 from 204 photos
INFO:root:Flicker: The image id 10002314295 is new on our repository! ;)
INFO:root:Flicker: flickrGetPhotoInfo to 10002314295 :D
ERROR:root:Flicker: flickrGetPhotoSizes to 10002314295 :D
INFO:root:Flicker: Creating the image 10002314295 with 242x188
INFO:root:26 from 204 photos
INFO:root:Flicker: The image id 10002309374 is new on our repository! ;)
INFO:root:Flicker: flickrGetPhotoInfo to 10002309374 :D
ERROR:root:Flicker: flickrGetPhotoSizes to 10002309374 :D
INFO:root:Flicker: Creating the image 10002309374 with 242x188
INFO:root:27 from 204 photos
INFO:root:Flicker: The image id 10002313665 is new on our repository! ;)
INFO:root:Flicker: flickrGetPhotoInfo to 10002313665 :D
ERROR:root:Flicker: flickrGetPhotoSizes to 10002313665 :D
INFO:root:Flicker: Creating the image 10002313665 with 242x188
INFO:root:28 from 204 photos
INFO:root:Flicker: The image id 10002308644 is new on our repository! ;)
INFO:root:Flicker: flickrGetPhotoInfo to 10002308644 :D
ERROR:root:Flicker: flickrGetPhotoSizes to 10002308644 :D
INFO:root:Flicker: Creating the image 10002308644 with 243x188
INFO:root:29 from 204 photos
INFO:root:Flicker: The image id 10002313155 is new on our repository! ;)
INFO:root:Flicker: flickrGetPhotoInfo to 10002313155 :D
ERROR:root:Flicker: flickrGetPhotoSizes to 10002313155 :D
INFO:root:Flicker: Creating the image 10002313155 with 242x188
INFO:root:30 from 204 photos
INFO:root:Flicker: The image id 10002374966 is new on our repository! ;)
INFO:root:Flicker: flickrGetPhotoInfo to 10002374966 :D
ERROR:root:Flicker: flickrGetPhotoSizes to 10002374966 :D
INFO:root:Flicker: Creating the image 10002374966 with 242x188
INFO:root:31 from 204 photos
INFO:root:Flicker: The image id 10002312435 is new on our repository! ;)
INFO:root:Flicker: flickrGetPhotoInfo to 10002312435 :D
ERROR:root:Flicker: flickrGetPhotoSizes to 10002312435 :D
INFO:root:Flicker: Creating the image 10002312435 with 242x188
INFO:root:32 from 204 photos
INFO:root:Flicker: The image id 10002374126 is new on our repository! ;)
INFO:root:Flicker: flickrGetPhotoInfo to 10002374126 :D
ERROR:root:Flicker: flickrGetPhotoSizes to 10002374126 :D
INFO:root:Flicker: Creating the image 10002374126 with 242x188
INFO:root:33 from 204 photos
INFO:root:Flicker: The image id 10002434713 is new on our repository! ;)
INFO:root:Flicker: flickrGetPhotoInfo to 10002434713 :D
ERROR:root:Flicker: flickrGetPhotoSizes to 10002434713 :D
INFO:root:Flicker: Creating the image 10002434713 with 248x194
INFO:root:34 from 204 photos
INFO:root:Flicker: The image id 10002297634 is new on our repository! ;)
INFO:root:Flicker: flickrGetPhotoInfo to 10002297634 :D
ERROR:root:Flicker: flickrGetPhotoSizes to 10002297634 :D
INFO:root:Flicker: Creating the image 10002297634 with 451x632
INFO:root:35 from 204 photos
INFO:root:Flicker: The image id 10002294195 is new on our repository! ;)
INFO:root:Flicker: flickrGetPhotoInfo to 10002294195 :D
ERROR:root:Flicker: flickrGetPhotoSizes to 10002294195 :D
INFO:root:Flicker: Creating the image 10002294195 with 410x498
INFO:root:36 from 204 photos
INFO:root:Flicker: The image id 10002399743 is new on our repository! ;)
INFO:root:Flicker: flickrGetPhotoInfo to 10002399743 :D
ERROR:root:Flicker: flickrGetPhotoSizes to 10002399743 :D
INFO:root:Flicker: Creating the image 10002399743 with 1950x1179
INFO:root:37 from 204 photos
INFO:root:Flicker: The image id 9469159416 is new on our repository! ;)
INFO:root:Flicker: flickrGetPhotoInfo to 9469159416 :D
ERROR:root:Flicker: flickrGetPhotoSizes to 9469159416 :D
INFO:root:Flicker: Creating the image 9469159416 with 5616x3744
INFO:root:38 from 204 photos
INFO:root:Flicker: The image id 9469152982 is new on our repository! ;)
INFO:root:Flicker: flickrGetPhotoInfo to 9469152982 :D
ERROR:root:Flicker: flickrGetPhotoSizes to 9469152982 :D
INFO:root:Flicker: Creating the image 9469152982 with 5616x3744
INFO:root:39 from 204 photos
INFO:root:Flicker: The image id 9466363849 is new on our repository! ;)
INFO:root:Flicker: flickrGetPhotoInfo to 9466363849 :D
ERROR:root:Flicker: flickrGetPhotoSizes to 9466363849 :D
INFO:root:Flicker: Creating the image 9466363849 with 5616x3744
INFO:root:40 from 204 photos
INFO:root:Flicker: The image id 9466357661 is new on our repository! ;)
INFO:root:Flicker: flickrGetPhotoInfo to 9466357661 :D
ERROR:root:Flicker: flickrGetPhotoSizes to 9466357661 :D
INFO:root:Flicker: Creating the image 9466357661 with 5616x3744
INFO:root:41 from 204 photos
INFO:root:Flicker: The image id 9469134842 is new on our repository! ;)
INFO:root:Flicker: flickrGetPhotoInfo to 9469134842 :D
ERROR:root:Flicker: flickrGetPhotoSizes to 9469134842 :D
INFO:root:Flicker: Creating the image 9469134842 with 5616x3744
INFO:root:42 from 204 photos
INFO:root:Flicker: The image id 9466334507 is new on our repository! ;)
INFO:root:Flicker: flickrGetPhotoInfo to 9466334507 :D
ERROR:root:Flicker: flickrGetPhotoSizes to 9466334507 :D
INFO:root:Flicker: Creating the image 9466334507 with 3242x2498
INFO:root:43 from 204 photos
INFO:root:Flicker: The image id 9469107168 is new on our repository! ;)
INFO:root:Flicker: flickrGetPhotoInfo to 9469107168 :D
ERROR:root:Flicker: flickrGetPhotoSizes to 9469107168 :D
INFO:root:Flicker: Creating the image 9469107168 with 5616x3744
INFO:root:44 from 204 photos
INFO:root:Flicker: The image id 9046446657 is new on our repository! ;)
INFO:root:Flicker: flickrGetPhotoInfo to 9046446657 :D
ERROR:root:Flicker: flickrGetPhotoSizes to 9046446657 :D
INFO:root:Flicker: Creating the image 9046446657 with 5184x3456
INFO:root:45 from 204 photos
INFO:root:Flicker: The image id 8137402846 is new on our repository! ;)
INFO:root:Flicker: flickrGetPhotoInfo to 8137402846 :D
ERROR:root:Flicker: flickrGetPhotoSizes to 8137402846 :D
INFO:root:Flicker: Creating the image 8137402846 with 4288x2848
INFO:root:46 from 204 photos
INFO:root:Flicker: The image id 8137364168 is new on our repository! ;)
INFO:root:Flicker: flickrGetPhotoInfo to 8137364168 :D
ERROR:root:Flicker: flickrGetPhotoSizes to 8137364168 :D
INFO:root:Flicker: Creating the image 8137364168 with 4288x2848
INFO:root:47 from 204 photos
INFO:root:Flicker: The image id 8137353884 is new on our repository! ;)
INFO:root:Flicker: flickrGetPhotoInfo to 8137353884 :D
ERROR:root:Flicker: flickrGetPhotoSizes to 8137353884 :D
INFO:root:Flicker: Creating the image 8137353884 with 4288x2848
INFO:root:48 from 204 photos
INFO:root:Flicker: The image id 8137323149 is new on our repository! ;)
INFO:root:Flicker: flickrGetPhotoInfo to 8137323149 :D
ERROR:root:Flicker: flickrGetPhotoSizes to 8137323149 :D
INFO:root:Flicker: Creating the image 8137323149 with 4288x2848
INFO:root:49 from 204 photos
INFO:root:Flicker: The image id 8137350970 is new on our repository! ;)
INFO:root:Flicker: flickrGetPhotoInfo to 8137350970 :D
ERROR:root:Flicker: flickrGetPhotoSizes to 8137350970 :D
INFO:root:Flicker: Creating the image 8137350970 with 4288x2848
INFO:root:50 from 204 photos
INFO:root:Flicker: The image id 8137320235 is new on our repository! ;)
INFO:root:Flicker: flickrGetPhotoInfo to 8137320235 :D
ERROR:root:Flicker: flickrGetPhotoSizes to 8137320235 :D
INFO:root:Flicker: Creating the image 8137320235 with 4288x2848
INFO:root:51 from 204 photos
INFO:root:Flicker: The image id 8137348138 is new on our repository! ;)
INFO:root:Flicker: flickrGetPhotoInfo to 8137348138 :D
ERROR:root:Flicker: flickrGetPhotoSizes to 8137348138 :D
INFO:root:Flicker: Creating the image 8137348138 with 4288x2848
INFO:root:52 from 204 photos
INFO:root:Flicker: The image id 8137313601 is new on our repository! ;)
INFO:root:Flicker: flickrGetPhotoInfo to 8137313601 :D
ERROR:root:Flicker: flickrGetPhotoSizes to 8137313601 :D
INFO:root:Flicker: Creating the image 8137313601 with 4288x2848
INFO:root:53 from 204 photos
INFO:root:Flicker: The image id 8137341496 is new on our repository! ;)
INFO:root:Flicker: flickrGetPhotoInfo to 8137341496 :D
ERROR:root:Flicker: flickrGetPhotoSizes to 8137341496 :D
INFO:root:Flicker: Creating the image 8137341496 with 4288x2848
INFO:root:54 from 204 photos
INFO:root:Flicker: The image id 8102270293 is new on our repository! ;)
INFO:root:Flicker: flickrGetPhotoInfo to 8102270293 :D
ERROR:root:Flicker: flickrGetPhotoSizes to 8102270293 :D
INFO:root:Flicker: Creating the image 8102270293 with 635x794
INFO:root:55 from 204 photos
INFO:root:Flicker: The image id 7982177720 is new on our repository! ;)
INFO:root:Flicker: flickrGetPhotoInfo to 7982177720 :D
ERROR:root:Flicker: flickrGetPhotoSizes to 7982177720 :D
INFO:root:Flicker: Creating the image 7982177720 with 300x400
INFO:root:56 from 204 photos
INFO:root:Flicker: The image id 7656928544 is new on our repository! ;)
INFO:root:Flicker: flickrGetPhotoInfo to 7656928544 :D
ERROR:root:Flicker: flickrGetPhotoSizes to 7656928544 :D
INFO:root:Flicker: Creating the image 7656928544 with 3072x2304
INFO:root:57 from 204 photos
INFO:root:Flicker: The image id 7284275556 is new on our repository! ;)
INFO:root:Flicker: flickrGetPhotoInfo to 7284275556 :D
ERROR:root:Flicker: flickrGetPhotoSizes to 7284275556 :D
INFO:root:Flicker: Creating the image 7284275556 with 2800x1867
INFO:root:58 from 204 photos
INFO:root:Flicker: The image id 7284273826 is new on our repository! ;)
INFO:root:Flicker: flickrGetPhotoInfo to 7284273826 :D
ERROR:root:Flicker: flickrGetPhotoSizes to 7284273826 :D
INFO:root:Flicker: Creating the image 7284273826 with 2800x1867
INFO:root:59 from 204 photos
INFO:root:Flicker: The image id 7284269088 is new on our repository! ;)
INFO:root:Flicker: flickrGetPhotoInfo to 7284269088 :D
ERROR:root:Flicker: flickrGetPhotoSizes to 7284269088 :D
INFO:root:Flicker: Creating the image 7284269088 with 2800x1867
INFO:root:60 from 204 photos
INFO:root:Flicker: The image id 7284266926 is new on our repository! ;)
INFO:root:Flicker: flickrGetPhotoInfo to 7284266926 :D
ERROR:root:Flicker: flickrGetPhotoSizes to 7284266926 :D
INFO:root:Flicker: Creating the image 7284266926 with 2800x1867
INFO:root:61 from 204 photos
INFO:root:Flicker: The image id 7284264054 is new on our repository! ;)
INFO:root:Flicker: flickrGetPhotoInfo to 7284264054 :D
ERROR:root:Flicker: flickrGetPhotoSizes to 7284264054 :D
INFO:root:Flicker: Creating the image 7284264054 with 2800x1867
INFO:root:62 from 204 photos
INFO:root:Flicker: The image id 7284262250 is new on our repository! ;)
INFO:root:Flicker: flickrGetPhotoInfo to 7284262250 :D
ERROR:root:Flicker: flickrGetPhotoSizes to 7284262250 :D
INFO:root:Flicker: Creating the image 7284262250 with 2800x1867
INFO:root:63 from 204 photos
INFO:root:Flicker: The image id 7284260452 is new on our repository! ;)
INFO:root:Flicker: flickrGetPhotoInfo to 7284260452 :D
ERROR:root:Flicker: flickrGetPhotoSizes to 7284260452 :D
INFO:root:Flicker: Creating the image 7284260452 with 2800x1867
INFO:root:64 from 204 photos
INFO:root:Flicker: The image id 7284259172 is new on our repository! ;)
INFO:root:Flicker: flickrGetPhotoInfo to 7284259172 :D
ERROR:root:Flicker: flickrGetPhotoSizes to 7284259172 :D
INFO:root:Flicker: Creating the image 7284259172 with 2800x1867
INFO:root:65 from 204 photos
INFO:root:Flicker: The image id 6662091177 is new on our repository! ;)
INFO:root:Flicker: flickrGetPhotoInfo to 6662091177 :D
ERROR:root:Flicker: flickrGetPhotoSizes to 6662091177 :D
INFO:root:Flicker: Creating the image 6662091177 with 1600x1200
INFO:root:66 from 204 photos
INFO:root:Flicker: The image id 6585683777 is new on our repository! ;)
INFO:root:Flicker: flickrGetPhotoInfo to 6585683777 :D
ERROR:root:Flicker: flickrGetPhotoSizes to 6585683777 :D
INFO:root:Flicker: Creating the image 6585683777 with 246x204
INFO:root:67 from 204 photos
INFO:root:Flicker: The image id 6167387774 is new on our repository! ;)
INFO:root:Flicker: flickrGetPhotoInfo to 6167387774 :D
ERROR:root:Flicker: flickrGetPhotoSizes to 6167387774 :D
INFO:root:Flicker: Creating the image 6167387774 with 800x600
INFO:root:68 from 204 photos
INFO:root:Flicker: The image id 6167387550 is new on our repository! ;)
INFO:root:Flicker: flickrGetPhotoInfo to 6167387550 :D
ERROR:root:Flicker: flickrGetPhotoSizes to 6167387550 :D
INFO:root:Flicker: Creating the image 6167387550 with 800x600
INFO:root:69 from 204 photos
INFO:root:Flicker: The image id 6167387352 is new on our repository! ;)
INFO:root:Flicker: flickrGetPhotoInfo to 6167387352 :D
ERROR:root:Flicker: flickrGetPhotoSizes to 6167387352 :D
INFO:root:Flicker: Creating the image 6167387352 with 800x600
INFO:root:70 from 204 photos
INFO:root:Flicker: The image id 6167387208 is new on our repository! ;)
INFO:root:Flicker: flickrGetPhotoInfo to 6167387208 :D
ERROR:root:Flicker: flickrGetPhotoSizes to 6167387208 :D
INFO:root:Flicker: Creating the image 6167387208 with 800x600
INFO:root:71 from 204 photos
INFO:root:Flicker: The image id 6126332747 is new on our repository! ;)
INFO:root:Flicker: flickrGetPhotoInfo to 6126332747 :D
ERROR:root:Flicker: flickrGetPhotoSizes to 6126332747 :D
INFO:root:Flicker: Creating the image 6126332747 with 1214x849
INFO:root:72 from 204 photos
INFO:root:Flicker: The image id 6119621484 is new on our repository! ;)
INFO:root:Flicker: flickrGetPhotoInfo to 6119621484 :D
ERROR:root:Flicker: flickrGetPhotoSizes to 6119621484 :D
INFO:root:Flicker: Creating the image 6119621484 with 905x1191
INFO:root:73 from 204 photos
INFO:root:Flicker: The image id 6119070797 is new on our repository! ;)
INFO:root:Flicker: flickrGetPhotoInfo to 6119070797 :D
ERROR:root:Flicker: flickrGetPhotoSizes to 6119070797 :D
INFO:root:Flicker: Creating the image 6119070797 with 1219x843
INFO:root:74 from 204 photos
INFO:root:Flicker: The image id 6107038788 is new on our repository! ;)
INFO:root:Flicker: flickrGetPhotoInfo to 6107038788 :D
ERROR:root:Flicker: flickrGetPhotoSizes to 6107038788 :D
INFO:root:Flicker: Creating the image 6107038788 with 250x390
INFO:root:75 from 204 photos
INFO:root:Flicker: The image id 6068112785 is new on our repository! ;)
INFO:root:Flicker: flickrGetPhotoInfo to 6068112785 :D
ERROR:root:Flicker: flickrGetPhotoSizes to 6068112785 :D
INFO:root:Flicker: Creating the image 6068112785 with 1366x768
INFO:root:76 from 204 photos
INFO:root:Flicker: The image id 6023848515 is new on our repository! ;)
INFO:root:Flicker: flickrGetPhotoInfo to 6023848515 :D
ERROR:root:Flicker: flickrGetPhotoSizes to 6023848515 :D
INFO:root:Flicker: Creating the image 6023848515 with 600x800
INFO:root:77 from 204 photos
INFO:root:Flicker: The image id 6023848427 is new on our repository! ;)
INFO:root:Flicker: flickrGetPhotoInfo to 6023848427 :D
ERROR:root:Flicker: flickrGetPhotoSizes to 6023848427 :D
INFO:root:Flicker: Creating the image 6023848427 with 600x800
INFO:root:78 from 204 photos
INFO:root:Flicker: The image id 6024402006 is new on our repository! ;)
INFO:root:Flicker: flickrGetPhotoInfo to 6024402006 :D
ERROR:root:Flicker: flickrGetPhotoSizes to 6024402006 :D
INFO:root:Flicker: Creating the image 6024402006 with 480x640
INFO:root:79 from 204 photos
INFO:root:Flicker: The image id 5987709576 is new on our repository! ;)
INFO:root:Flicker: flickrGetPhotoInfo to 5987709576 :D
ERROR:root:Flicker: flickrGetPhotoSizes to 5987709576 :D
INFO:root:Flicker: Creating the image 5987709576 with 4310x2868
INFO:root:80 from 204 photos
INFO:root:Flicker: The image id 5803272672 is new on our repository! ;)
INFO:root:Flicker: flickrGetPhotoInfo to 5803272672 :D
ERROR:root:Flicker: flickrGetPhotoSizes to 5803272672 :D
INFO:root:Flicker: Creating the image 5803272672 with 485x306
INFO:root:81 from 204 photos
INFO:root:Flicker: The image id 5382078056 is new on our repository! ;)
INFO:root:Flicker: flickrGetPhotoInfo to 5382078056 :D
ERROR:root:Flicker: flickrGetPhotoSizes to 5382078056 :D
INFO:root:Flicker: Creating the image 5382078056 with 1280x960
INFO:root:82 from 204 photos
INFO:root:Flicker: The image id 5285934587 is new on our repository! ;)
INFO:root:Flicker: flickrGetPhotoInfo to 5285934587 :D
ERROR:root:Flicker: flickrGetPhotoSizes to 5285934587 :D
INFO:root:Flicker: Creating the image 5285934587 with 240x320
INFO:root:83 from 204 photos
INFO:root:Flicker: The image id 5147552086 is new on our repository! ;)
INFO:root:Flicker: flickrGetPhotoInfo to 5147552086 :D
ERROR:root:Flicker: flickrGetPhotoSizes to 5147552086 :D
INFO:root:Flicker: Creating the image 5147552086 with 1001x423
INFO:root:84 from 204 photos
INFO:root:Flicker: The image id 5104064975 is new on our repository! ;)
INFO:root:Flicker: flickrGetPhotoInfo to 5104064975 :D
ERROR:root:Flicker: flickrGetPhotoSizes to 5104064975 :D
INFO:root:Flicker: Creating the image 5104064975 with 696x453
INFO:root:85 from 204 photos
INFO:root:Flicker: The image id 4976090063 is new on our repository! ;)
INFO:root:Flicker: flickrGetPhotoInfo to 4976090063 :D
ERROR:root:Flicker: flickrGetPhotoSizes to 4976090063 :D
INFO:root:Flicker: Creating the image 4976090063 with 310x180
INFO:root:86 from 204 photos
INFO:root:Flicker: The image id 4478907876 is new on our repository! ;)
INFO:root:Flicker: flickrGetPhotoInfo to 4478907876 :D
ERROR:root:Flicker: flickrGetPhotoSizes to 4478907876 :D
INFO:root:Flicker: Creating the image 4478907876 with 130x97
INFO:root:87 from 204 photos
INFO:root:Flicker: The image id 4478281561 is new on our repository! ;)
INFO:root:Flicker: flickrGetPhotoInfo to 4478281561 :D
ERROR:root:Flicker: flickrGetPhotoSizes to 4478281561 :D
INFO:root:Flicker: Creating the image 4478281561 with 97x130
INFO:root:88 from 204 photos
INFO:root:Flicker: The image id 4478907216 is new on our repository! ;)
INFO:root:Flicker: flickrGetPhotoInfo to 4478907216 :D
ERROR:root:Flicker: flickrGetPhotoSizes to 4478907216 :D
INFO:root:Flicker: Creating the image 4478907216 with 130x97
INFO:root:89 from 204 photos
INFO:root:Flicker: The image id 4425340199 is new on our repository! ;)
INFO:root:Flicker: flickrGetPhotoInfo to 4425340199 :D
ERROR:root:Flicker: flickrGetPhotoSizes to 4425340199 :D
INFO:root:Flicker: Creating the image 4425340199 with 500x375
INFO:root:90 from 204 photos
INFO:root:Flicker: The image id 4376907990 is new on our repository! ;)
INFO:root:Flicker: flickrGetPhotoInfo to 4376907990 :D
ERROR:root:Flicker: flickrGetPhotoSizes to 4376907990 :D
INFO:root:Flicker: Creating the image 4376907990 with 3664x2748
INFO:root:91 from 204 photos
INFO:root:Flicker: The image id 4265350369 is new on our repository! ;)
INFO:root:Flicker: flickrGetPhotoInfo to 4265350369 :D
ERROR:root:Flicker: flickrGetPhotoSizes to 4265350369 :D
INFO:root:Flicker: Creating the image 4265350369 with 300x300
INFO:root:92 from 204 photos
INFO:root:Flicker: The image id 4159173246 is new on our repository! ;)
INFO:root:Flicker: flickrGetPhotoInfo to 4159173246 :D
ERROR:root:Flicker: flickrGetPhotoSizes to 4159173246 :D
INFO:root:Flicker: Creating the image 4159173246 with 3077x3077
INFO:root:93 from 204 photos
INFO:root:Flicker: The image id 4019386996 is new on our repository! ;)
INFO:root:Flicker: flickrGetPhotoInfo to 4019386996 :D
ERROR:root:Flicker: flickrGetPhotoSizes to 4019386996 :D
INFO:root:Flicker: Creating the image 4019386996 with 800x600
INFO:root:94 from 204 photos
INFO:root:Flicker: The image id 3942546513 is new on our repository! ;)
INFO:root:Flicker: flickrGetPhotoInfo to 3942546513 :D
ERROR:root:Flicker: flickrGetPhotoSizes to 3942546513 :D
INFO:root:Flicker: Creating the image 3942546513 with 1600x1200
INFO:root:95 from 204 photos
INFO:root:Flicker: The image id 3942539735 is new on our repository! ;)
INFO:root:Flicker: flickrGetPhotoInfo to 3942539735 :D
ERROR:root:Flicker: flickrGetPhotoSizes to 3942539735 :D
INFO:root:Flicker: Creating the image 3942539735 with 1600x1200
INFO:root:96 from 204 photos
INFO:root:Flicker: The image id 3943307656 is new on our repository! ;)
INFO:root:Flicker: flickrGetPhotoInfo to 3943307656 :D
ERROR:root:Flicker: flickrGetPhotoSizes to 3943307656 :D
INFO:root:Flicker: Creating the image 3943307656 with 1600x1200
INFO:root:97 from 204 photos
INFO:root:Flicker: The image id 3943304676 is new on our repository! ;)
INFO:root:Flicker: flickrGetPhotoInfo to 3943304676 :D
ERROR:root:Flicker: flickrGetPhotoSizes to 3943304676 :D
INFO:root:Flicker: Creating the image 3943304676 with 1600x1200
INFO:root:98 from 204 photos
INFO:root:Flicker: The image id 3943304346 is new on our repository! ;)
INFO:root:Flicker: flickrGetPhotoInfo to 3943304346 :D
ERROR:root:Flicker: flickrGetPhotoSizes to 3943304346 :D
INFO:root:Flicker: Creating the image 3943304346 with 1600x1200
INFO:root:99 from 204 photos
INFO:root:Flicker: The image id 3943303938 is new on our repository! ;)
INFO:root:Flicker: flickrGetPhotoInfo to 3943303938 :D
ERROR:root:Flicker: flickrGetPhotoSizes to 3943303938 :D
INFO:root:Flicker: Creating the image 3943303938 with 1600x1200
INFO:root:100 from 204 photos
INFO:root:Flicker: The image id 3942522297 is new on our repository! ;)
INFO:root:Flicker: flickrGetPhotoInfo to 3942522297 :D
ERROR:root:Flicker: flickrGetPhotoSizes to 3942522297 :D
INFO:root:Flicker: Creating the image 3942522297 with 1600x1200
INFO:root:100 from 204 pages
INFO:root:Flicker: flickrGetPage page 2 :D
INFO:root:101 from 204 photos
INFO:root:Flicker: The image id 21649938315 is new on our repository! ;)
INFO:root:Flicker: flickrGetPhotoInfo to 21649938315 :D
ERROR:root:Flicker: flickrGetPhotoSizes to 21649938315 :D
INFO:root:Flicker: Creating the image 21649938315 with 1024x732
INFO:root:102 from 204 photos
INFO:root:Flicker: The image id 19791850526 is new on our repository! ;)
INFO:root:Flicker: flickrGetPhotoInfo to 19791850526 :D
ERROR:root:Flicker: flickrGetPhotoSizes to 19791850526 :D
INFO:root:Flicker: Creating the image 19791850526 with 3648x2736
INFO:root:103 from 204 photos
INFO:root:Flicker: The image id 19111448720 is new on our repository! ;)
INFO:root:Flicker: flickrGetPhotoInfo to 19111448720 :D
ERROR:root:Flicker: flickrGetPhotoSizes to 19111448720 :D
INFO:root:Flicker: Creating the image 19111448720 with 3456x2304
INFO:root:104 from 204 photos
INFO:root:Flicker: The image id 19111498468 is new on our repository! ;)
INFO:root:Flicker: flickrGetPhotoInfo to 19111498468 :D
ERROR:root:Flicker: flickrGetPhotoSizes to 19111498468 :D
INFO:root:Flicker: Creating the image 19111498468 with 3456x2304
INFO:root:105 from 204 photos
INFO:root:Flicker: The image id 19273006956 is new on our repository! ;)
INFO:root:Flicker: flickrGetPhotoInfo to 19273006956 :D
ERROR:root:Flicker: flickrGetPhotoSizes to 19273006956 :D
INFO:root:Flicker: Creating the image 19273006956 with 3456x2304
INFO:root:106 from 204 photos
INFO:root:Flicker: The image id 14556568528 is new on our repository! ;)
INFO:root:Flicker: flickrGetPhotoInfo to 14556568528 :D
ERROR:root:Flicker: flickrGetPhotoSizes to 14556568528 :D
INFO:root:Flicker: Creating the image 14556568528 with 2880x1920
INFO:root:107 from 204 photos
INFO:root:Flicker: The image id 14556581199 is new on our repository! ;)
INFO:root:Flicker: flickrGetPhotoInfo to 14556581199 :D
ERROR:root:Flicker: flickrGetPhotoSizes to 14556581199 :D
INFO:root:Flicker: Creating the image 14556581199 with 2880x1920
INFO:root:108 from 204 photos
INFO:root:Flicker: The image id 13872035644 is new on our repository! ;)
INFO:root:Flicker: flickrGetPhotoInfo to 13872035644 :D
ERROR:root:Flicker: flickrGetPhotoSizes to 13872035644 :D
INFO:root:Flicker: Creating the image 13872035644 with 0x0
INFO:root:109 from 204 photos
INFO:root:Flicker: The image id 13391149883 is new on our repository! ;)
INFO:root:Flicker: flickrGetPhotoInfo to 13391149883 :D
ERROR:root:Flicker: flickrGetPhotoSizes to 13391149883 :D
INFO:root:Flicker: Creating the image 13391149883 with 2145x2050
INFO:root:110 from 204 photos
INFO:root:Flicker: The image id 10002414886 is new on our repository! ;)
INFO:root:Flicker: flickrGetPhotoInfo to 10002414886 :D
ERROR:root:Flicker: flickrGetPhotoSizes to 10002414886 :D
INFO:root:Flicker: Creating the image 10002414886 with 451x632
INFO:root:111 from 204 photos
INFO:root:Flicker: The image id 10002349935 is new on our repository! ;)
INFO:root:Flicker: flickrGetPhotoInfo to 10002349935 :D
ERROR:root:Flicker: flickrGetPhotoSizes to 10002349935 :D
INFO:root:Flicker: Creating the image 10002349935 with 600x600
INFO:root:112 from 204 photos
INFO:root:Flicker: The image id 10002412706 is new on our repository! ;)
INFO:root:Flicker: flickrGetPhotoInfo to 10002412706 :D
ERROR:root:Flicker: flickrGetPhotoSizes to 10002412706 :D
INFO:root:Flicker: Creating the image 10002412706 with 2367x6784
INFO:root:113 from 204 photos
INFO:root:Flicker: The image id 10002403116 is new on our repository! ;)
INFO:root:Flicker: flickrGetPhotoInfo to 10002403116 :D
ERROR:root:Flicker: flickrGetPhotoSizes to 10002403116 :D
INFO:root:Flicker: Creating the image 10002403116 with 410x498
INFO:root:114 from 204 photos
INFO:root:Flicker: The image id 10002403156 is new on our repository! ;)
INFO:root:Flicker: flickrGetPhotoInfo to 10002403156 :D
ERROR:root:Flicker: flickrGetPhotoSizes to 10002403156 :D
INFO:root:Flicker: Creating the image 10002403156 with 208x160
INFO:root:115 from 204 photos
INFO:root:Flicker: The image id 10002324224 is new on our repository! ;)
INFO:root:Flicker: flickrGetPhotoInfo to 10002324224 :D
ERROR:root:Flicker: flickrGetPhotoSizes to 10002324224 :D
INFO:root:Flicker: Creating the image 10002324224 with 242x188
INFO:root:116 from 204 photos
INFO:root:Flicker: The image id 10002390886 is new on our repository! ;)
INFO:root:Flicker: flickrGetPhotoInfo to 10002390886 :D
ERROR:root:Flicker: flickrGetPhotoSizes to 10002390886 :D
INFO:root:Flicker: Creating the image 10002390886 with 242x188
INFO:root:117 from 204 photos
INFO:root:Flicker: The image id 10002328895 is new on our repository! ;)
INFO:root:Flicker: flickrGetPhotoInfo to 10002328895 :D
ERROR:root:Flicker: flickrGetPhotoSizes to 10002328895 :D
INFO:root:Flicker: Creating the image 10002328895 with 242x188
INFO:root:118 from 204 photos
INFO:root:Flicker: The image id 10002450893 is new on our repository! ;)
INFO:root:Flicker: flickrGetPhotoInfo to 10002450893 :D
ERROR:root:Flicker: flickrGetPhotoSizes to 10002450893 :D
INFO:root:Flicker: Creating the image 10002450893 with 243x188
INFO:root:119 from 204 photos
INFO:root:Flicker: The image id 10002327705 is new on our repository! ;)
INFO:root:Flicker: flickrGetPhotoInfo to 10002327705 :D
ERROR:root:Flicker: flickrGetPhotoSizes to 10002327705 :D
INFO:root:Flicker: Creating the image 10002327705 with 896x619
INFO:root:120 from 204 photos
INFO:root:Flicker: The image id 10002450623 is new on our repository! ;)
INFO:root:Flicker: flickrGetPhotoInfo to 10002450623 :D
ERROR:root:Flicker: flickrGetPhotoSizes to 10002450623 :D
INFO:root:Flicker: Creating the image 10002450623 with 242x188
INFO:root:121 from 204 photos
INFO:root:Flicker: The image id 10002389056 is new on our repository! ;)
INFO:root:Flicker: flickrGetPhotoInfo to 10002389056 :D
ERROR:root:Flicker: flickrGetPhotoSizes to 10002389056 :D
INFO:root:Flicker: Creating the image 10002389056 with 556x200
INFO:root:122 from 204 photos
INFO:root:Flicker: The image id 10002449203 is new on our repository! ;)
INFO:root:Flicker: flickrGetPhotoInfo to 10002449203 :D
ERROR:root:Flicker: flickrGetPhotoSizes to 10002449203 :D
INFO:root:Flicker: Creating the image 10002449203 with 198x155
INFO:root:123 from 204 photos
INFO:root:Flicker: The image id 10002448993 is new on our repository! ;)
INFO:root:Flicker: flickrGetPhotoInfo to 10002448993 :D
INFO:root:Crawler: Hard work! I finish dude ;)
